<?xml version="1.0" encoding="UTF-8"?>
<!-- Generated by org.testng.reporters.JUnitReportReporter -->
<testsuite hostname="Rajadurai-PC" failures="0" tests="2" name="testCases.Automation_TC_001" time="13.102" errors="0" timestamp="2024-09-30T15:11:07 IST" skipped="1">
  <testcase classname="testCases.Automation_TC_001" name="verify_account_registration" time="10.258"/>
  <testcase classname="testCases.Automation_TC_001" name="verify_account_registration" time="2.844">
    <skipped/>
  </testcase> <!-- verify_account_registration -->
</testsuite> <!-- testCases.Automation_TC_001 -->
